<?xml version="1.0" encoding="UTF-8"?>
<testsuite xmlns:xsi="http://www.w3.org/2001/XMLSchema-instance" xsi:noNamespaceSchemaLocation="https://maven.apache.org/surefire/maven-surefire-plugin/xsd/surefire-test-report.xsd" name="com.Automation.runners.CukesRunner" time="103.616" tests="4" errors="0" skipped="0" failures="0">
  <properties>
[...]
</properties>
  <testcase name="User should be able to search" classname="Tool Bar Options" time="28.017"/>
  <testcase name="User should be able to change the background color" classname="Tool Bar Options" time="23.156"/>
  <testcase name="User should be able to do filter" classname="Tool Bar Options" time="28.257"/>
  <testcase name="User should be able to Login" classname="Tool Bar Options" time="22.382"/>
</testsuite>